<?xml version="1.0" encoding="UTF-8"?>
<!-- Generated by org.testng.reporters.JUnitReportReporter -->
<testsuite hostname="LAPTOP-MIO1IEDK" failures="0" tests="17" name="ca.on.elections.eregistration.SearchFieldsTests" time="385.617" errors="0" timestamp="04 May 2019 17:10:43 GMT" skipped="0">
  <testcase classname="ca.on.elections.eregistration.SearchFieldsTests" name="positiveSearchTests" time="29.657"/>
  <testcase classname="ca.on.elections.eregistration.SearchFieldsTests" name="testMandatoryFields" time="21.668"/>
  <testcase classname="ca.on.elections.eregistration.SearchFieldsTests" name="testMandatoryFields" time="27.477"/>
  <testcase classname="ca.on.elections.eregistration.SearchFieldsTests" name="testMandatoryFields" time="16.884"/>
  <testcase classname="ca.on.elections.eregistration.SearchFieldsTests" name="testMandatoryFields" time="20.783"/>
  <testcase classname="ca.on.elections.eregistration.SearchFieldsTests" name="testMandatoryFields" time="27.901"/>
  <testcase classname="ca.on.elections.eregistration.SearchFieldsTests" name="testMandatoryFields" time="30.439"/>
  <testcase classname="ca.on.elections.eregistration.SearchFieldsTests" name="testMandatoryFields" time="28.566"/>
  <testcase classname="ca.on.elections.eregistration.SearchFieldsTests" name="testMandatoryFields" time="16.528"/>
  <testcase classname="ca.on.elections.eregistration.SearchFieldsTests" name="testMandatoryFields" time="22.047"/>
  <testcase classname="ca.on.elections.eregistration.SearchFieldsTests" name="testMandatoryFields" time="19.693"/>
  <testcase classname="ca.on.elections.eregistration.SearchFieldsTests" name="testMandatoryFields" time="16.444"/>
  <testcase classname="ca.on.elections.eregistration.SearchFieldsTests" name="testMandatoryFields" time="18.383"/>
  <testcase classname="ca.on.elections.eregistration.SearchFieldsTests" name="openAddressLink" time="20.632"/>
  <testcase classname="ca.on.elections.eregistration.SearchFieldsTests" name="openAddressLink" time="22.741"/>
  <testcase classname="ca.on.elections.eregistration.SearchFieldsTests" name="openAddressLink" time="22.792"/>
  <testcase classname="ca.on.elections.eregistration.SearchFieldsTests" name="openAddressLink" time="22.982"/>
</testsuite> <!-- ca.on.elections.eregistration.SearchFieldsTests -->
