<?xml version="1.0" encoding="UTF-8"?>
<!-- Generated by org.testng.reporters.JUnitReportReporter -->
<testsuite hostname="LAPTOP-MIO1IEDK" failures="0" tests="3" name="ca.on.elections.eregistration.LinkTests" time="93.762" errors="0" timestamp="04 May 2019 15:46:16 GMT" skipped="0">
  <testcase classname="ca.on.elections.eregistration.LinkTests" name="openLink" time="26.070"/>
  <testcase classname="ca.on.elections.eregistration.LinkTests" name="openLink" time="24.784"/>
  <testcase classname="ca.on.elections.eregistration.LinkTests" name="openLink" time="42.908"/>
</testsuite> <!-- ca.on.elections.eregistration.LinkTests -->
