<?xml version="1.0" encoding="UTF-8"?>
<!-- Generated by org.testng.reporters.JUnitReportReporter -->
<testsuite hostname="LAPTOP-MIO1IEDK" failures="0" tests="4" name="ca.on.elections.eregistration.NegativeTests" time="53.045" errors="0" timestamp="04 May 2019 04:42:09 GMT" skipped="0">
  <testcase classname="ca.on.elections.eregistration.NegativeTests" name="testMandatoryFields" time="15.080"/>
  <testcase classname="ca.on.elections.eregistration.NegativeTests" name="positiveTests" time="14.534"/>
  <testcase classname="ca.on.elections.eregistration.NegativeTests" name="positiveTests" time="13.781"/>
  <testcase classname="ca.on.elections.eregistration.NegativeTests" name="openAddressLink" time="9.650"/>
</testsuite> <!-- ca.on.elections.eregistration.NegativeTests -->
